d:\falloutv2\debug\vc120.pdb
d:\falloutv2\debug\vc120.idb
d:\falloutv2\debug\falloutengine.obj
d:\falloutv2\debug\source.obj
d:\falloutv2\debug\display.obj
d:\falloutv2\debug\igxmanager.obj
d:\falloutv2\debug\glmanager.obj
d:\falloutv2\debug\falloutv2.0.ilk
d:\falloutv2\debug\falloutv2.0.exe
d:\falloutv2\debug\falloutv2.0.pdb
d:\falloutv2\debug\falloutv2.0.tlog\cl.command.1.tlog
d:\falloutv2\debug\falloutv2.0.tlog\cl.read.1.tlog
d:\falloutv2\debug\falloutv2.0.tlog\cl.write.1.tlog
d:\falloutv2\debug\falloutv2.0.tlog\link-cvtres.read.1.tlog
d:\falloutv2\debug\falloutv2.0.tlog\link-cvtres.write.1.tlog
d:\falloutv2\debug\falloutv2.0.tlog\link-rc.read.1.tlog
d:\falloutv2\debug\falloutv2.0.tlog\link-rc.write.1.tlog
d:\falloutv2\debug\falloutv2.0.tlog\link.4868-cvtres.read.1.tlog
d:\falloutv2\debug\falloutv2.0.tlog\link.4868-cvtres.write.1.tlog
d:\falloutv2\debug\falloutv2.0.tlog\link.4868-rc.read.1.tlog
d:\falloutv2\debug\falloutv2.0.tlog\link.4868-rc.write.1.tlog
d:\falloutv2\debug\falloutv2.0.tlog\link.4868.read.1.tlog
d:\falloutv2\debug\falloutv2.0.tlog\link.4868.write.1.tlog
d:\falloutv2\debug\falloutv2.0.tlog\link.command.1.tlog
d:\falloutv2\debug\falloutv2.0.tlog\link.read.1.tlog
d:\falloutv2\debug\falloutv2.0.tlog\link.write.1.tlog
