Build started 01/12/2014 05:43:30 م.
     1>Project "D:\FalloutV2\FalloutV2.0.vcxproj" on node 2 (Build target(s)).
     1>ClCompile:
         C:\Program Files (x86)\Microsoft Visual Studio 12.0\VC\bin\CL.exe /c /Zi /nologo /W3 /WX- /sdl /O2 /Oi /Oy- /GL /D WIN32 /D NDEBUG /D _CONSOLE /D _LIB /D _UNICODE /D UNICODE /Gm- /EHsc /MD /GS /Gy /fp:precise /Zc:wchar_t /Zc:forScope /Fo"Release\\" /Fd"Release\vc120.pdb" /Gd /TP /analyze- /errorReport:prompt UI\WinWindow.cpp
         WinWindow.cpp
       Link:
         C:\Program Files (x86)\Microsoft Visual Studio 12.0\VC\bin\link.exe /ERRORREPORT:PROMPT /OUT:"D:\FalloutV2\Release\FalloutV2.0.exe" /INCREMENTAL:NO /NOLOGO kernel32.lib user32.lib gdi32.lib winspool.lib comdlg32.lib advapi32.lib shell32.lib ole32.lib oleaut32.lib uuid.lib odbc32.lib odbccp32.lib /MANIFEST /MANIFESTUAC:"level='asInvoker' uiAccess='false'" /manifest:embed /DEBUG /PDB:"D:\FalloutV2\Release\FalloutV2.0.pdb" /SUBSYSTEM:CONSOLE /OPT:REF /OPT:ICF /LTCG /TLBID:1 /DYNAMICBASE /NXCOMPAT /IMPLIB:"D:\FalloutV2\Release\FalloutV2.0.lib" /MACHINE:X86 /SAFESEH Release\FalloutEngine.obj
         Release\IRenderer.obj
         Release\Time.obj
         Release\TimeStep.obj
         Release\DXManager.obj
         Release\GLKeyboard.obj
         Release\GLManager.obj
         Release\IGXManager.obj
         Release\IKeyboard.obj
         Release\FirstSample.obj
         Release\Source.obj
         Release\Application.obj
         Release\Display.obj
         Release\WinWindow.obj
         Generating code
     1>d:\falloutv2\core\falloutengine.cpp(63): warning C4715: 'Fallout::Core::FalloutEngine::init' : not all control paths return a value
         Finished generating code
         FalloutV2.0.vcxproj -> D:\FalloutV2\Release\FalloutV2.0.exe
     1>Done Building Project "D:\FalloutV2\FalloutV2.0.vcxproj" (Build target(s)).

Build succeeded.

Time Elapsed 00:00:02.78
